/sw/apps/bioinfo/quast/5.0.2/snowy/bin/quast.py efaecium.contigs.fasta

Version: 5.0.2

System information:
  OS: Linux-3.10.0-1160.25.1.el7.x86_64-x86_64-with-centos-7.9.2009-Core (linux_64)
  Python version: 3.7.2
  CPUs number: 16

Started: 2021-05-18 10:41:22

Logging to /domus/h1/ctsang/analysis/genomics_data/PacBio/efaecium-pacbio/quast_results/results_2021_05_18_10_41_22/quast.log
NOTICE: Maximum number of threads is set to 4 (use --threads option to set it manually)

CWD: /domus/h1/ctsang/analysis/genomics_data/PacBio/efaecium-pacbio
Main parameters: 
  MODE: default, threads: 4, minimum contig length: 500, minimum alignment length: 65, \
  ambiguity: one, threshold for extensive misassembly size: 1000

Contigs:
  Pre-processing...
  efaecium.contigs.fasta ==> efaecium.contigs

2021-05-18 10:41:26
Running Basic statistics processor...
  Contig files: 
    efaecium.contigs
  Calculating N50 and L50...
    efaecium.contigs, N50 = 2775628, L50 = 1, Total length = 3153598, GC % = 37.77, # N's per 100 kbp =  0.00
  Drawing Nx plot...
    saved to /domus/h1/ctsang/analysis/genomics_data/PacBio/efaecium-pacbio/quast_results/results_2021_05_18_10_41_22/basic_stats/Nx_plot.pdf
  Drawing cumulative plot...
    saved to /domus/h1/ctsang/analysis/genomics_data/PacBio/efaecium-pacbio/quast_results/results_2021_05_18_10_41_22/basic_stats/cumulative_plot.pdf
  Drawing GC content plot...
    saved to /domus/h1/ctsang/analysis/genomics_data/PacBio/efaecium-pacbio/quast_results/results_2021_05_18_10_41_22/basic_stats/GC_content_plot.pdf
  Drawing efaecium.contigs GC content plot...
    saved to /domus/h1/ctsang/analysis/genomics_data/PacBio/efaecium-pacbio/quast_results/results_2021_05_18_10_41_22/basic_stats/efaecium.contigs_GC_content_plot.pdf
Done.

NOTICE: Genes are not predicted by default. Use --gene-finding or --glimmer option to enable it.

2021-05-18 10:41:27
Creating large visual summaries...
This may take a while: press Ctrl-C to skip this step..
  1 of 2: Creating Icarus viewers...
  2 of 2: Creating PDF with all tables and plots...
Done

2021-05-18 10:41:28
RESULTS:
  Text versions of total report are saved to /domus/h1/ctsang/analysis/genomics_data/PacBio/efaecium-pacbio/quast_results/results_2021_05_18_10_41_22/report.txt, report.tsv, and report.tex
  Text versions of transposed total report are saved to /domus/h1/ctsang/analysis/genomics_data/PacBio/efaecium-pacbio/quast_results/results_2021_05_18_10_41_22/transposed_report.txt, transposed_report.tsv, and transposed_report.tex
  HTML version (interactive tables and plots) is saved to /domus/h1/ctsang/analysis/genomics_data/PacBio/efaecium-pacbio/quast_results/results_2021_05_18_10_41_22/report.html
  PDF version (tables and plots) is saved to /domus/h1/ctsang/analysis/genomics_data/PacBio/efaecium-pacbio/quast_results/results_2021_05_18_10_41_22/report.pdf
  Icarus (contig browser) is saved to /domus/h1/ctsang/analysis/genomics_data/PacBio/efaecium-pacbio/quast_results/results_2021_05_18_10_41_22/icarus.html
  Log is saved to /domus/h1/ctsang/analysis/genomics_data/PacBio/efaecium-pacbio/quast_results/results_2021_05_18_10_41_22/quast.log

Finished: 2021-05-18 10:41:28
Elapsed time: 0:00:06.443142
NOTICEs: 2; WARNINGs: 0; non-fatal ERRORs: 0

Thank you for using QUAST!
